----------32----------
----------330----------
cross_total: 494892
----------483----------
----------23----------
----------32----------
----------330----------
cross_total: 494376
----------482----------
----------23----------
----------32----------
----------330----------
cross_total: 494296
----------482----------
----------23----------
----------32----------
----------330----------
cross_total: 494296
----------482----------
----------23----------
----------32----------
----------330----------
cross_total: 494348
----------482----------
----------23----------
----------32----------
----------330----------
cross_total: 494348
----------482----------
----------23----------
----------32----------
----------330----------
cross_total: 494372
----------482----------
----------23----------
----------32----------
----------330----------
cross_total: 494424
----------482----------
----------23----------
----------32----------
----------330----------
cross_total: 494412
----------482----------
----------23----------
----------32----------
----------330----------
cross_total: 494448
----------482----------
----------23----------
----------32----------
----------330----------
cross_total: 494448
----------482----------
----------23----------
----------32----------
----------330----------
cross_total: 494472
----------482----------
----------23----------
----------32----------
----------330----------
cross_total: 494472
----------482----------
----------23----------
----------32----------
----------330----------
cross_total: 494488
----------482----------
----------23----------
----------32----------
----------330----------
cross_total: 494516
----------482----------
----------23----------
----------32----------
----------330----------
cross_total: 494508
----------482----------
----------23----------
----------32----------
----------330----------
cross_total: 494544
----------482----------
----------23----------
----------32----------
----------330----------
cross_total: 494820
----------483----------
----------23----------
----------32----------
----------330----------
cross_total: 494848
----------483----------
----------23----------
----------32----------
----------330----------
cross_total: 494836
----------483----------
----------23----------
----------32----------
----------330----------
cross_total: 494836
----------483----------
----------23----------
----------32----------
----------330----------
cross_total: 494856
----------483----------
----------23----------
----------32----------
----------330----------
cross_total: 494856
----------483----------
----------23----------
----------32----------
----------330----------
cross_total: 494904
----------483----------
----------23----------
----------32----------
----------330----------
cross_total: 494904
----------483----------
----------23----------
----------32----------
----------330----------
cross_total: 494896
----------483----------
----------23----------
----------32----------
----------330----------
cross_total: 494924
----------483----------
----------22----------
----------32----------
----------330----------
cross_total: 494916
----------483----------
----------22----------
----------32----------
----------330----------
cross_total: 494964
----------483----------
----------22----------
----------32----------
----------330----------
cross_total: 494952
----------483----------
----------22----------
----------32----------
----------330----------
cross_total: 494952
----------483----------
----------22----------
----------32----------
----------330----------
cross_total: 494980
----------483----------
----------22----------
----------32----------
----------330----------
cross_total: 494980
----------483----------
----------22----------
----------32----------
----------330----------
cross_total: 495028
----------483----------
----------22----------
----------32----------
----------330----------
cross_total: 495028
----------483----------
----------22----------
----------32----------
----------330----------
cross_total: 563716
----------550----------
----------22----------
----------32----------
----------330----------
cross_total: 495080
----------483----------
----------22----------
----------32----------
----------330----------
cross_total: 495080
----------483----------
----------22----------
----------32----------
----------330----------
cross_total: 495120
----------483----------
----------22----------
----------32----------
----------330----------
cross_total: 495120
----------483----------
----------22----------
----------32----------
----------330----------
cross_total: 495148
----------483----------
----------22----------
----------32----------
----------330----------
cross_total: 495552
----------483----------
----------22----------
----------32----------
----------330----------
cross_total: 495252
----------483----------
----------22----------
----------32----------
----------330----------
cross_total: 495284
----------483----------
----------22----------
----------32----------
----------330----------
cross_total: 495200
----------483----------
----------22----------
----------32----------
----------330----------
cross_total: 495224
----------483----------
----------22----------
----------32----------
----------330----------
cross_total: 495244
----------483----------
----------22----------
----------32----------
----------330----------
cross_total: 495244
----------483----------
----------22----------
----------32----------
----------330----------
cross_total: 495256
----------483----------
----------22----------
----------32----------
----------330----------
cross_total: 495256
----------483----------
----------22----------
----------32----------
----------330----------
cross_total: 495284
----------483----------
----------22----------
----------32----------
----------330----------
cross_total: 495284
----------483----------
----------22----------
----------32----------
----------330----------
cross_total: 495296
----------483----------
----------22----------
----------32----------
----------330----------
cross_total: 495324
----------483----------
----------22----------
----------32----------
----------330----------
cross_total: 495320
----------483----------
----------22----------
----------32----------
----------330----------
cross_total: 495352
----------483----------
----------22----------
----------32----------
----------330----------
cross_total: 495344
----------483----------
----------22----------
----------32----------
----------330----------
cross_total: 495344
----------483----------
----------22----------
----------32----------
----------330----------
cross_total: 495384
----------483----------
----------22----------
----------32----------
----------330----------
cross_total: 495384
----------483----------
----------22----------
----------31----------
----------330----------
cross_total: 495412
----------483----------
----------22----------
----------31----------
----------330----------
cross_total: 494664
----------483----------
----------22----------
----------31----------
----------330----------
cross_total: 494688
----------483----------
----------22----------
----------32----------
----------330----------
cross_total: 494684
----------483----------
----------22----------
----------32----------
----------330----------
cross_total: 563572
----------550----------
----------22----------
----------32----------
----------330----------
cross_total: 494748
----------483----------
----------22----------
----------32----------
----------330----------
cross_total: 494748
----------483----------
----------22----------
----------32----------
----------330----------
cross_total: 494796
----------483----------
----------22----------
----------32----------
----------330----------
cross_total: 494796
----------483----------
----------22----------
----------32----------
----------330----------
cross_total: 494792
----------483----------
----------22----------
----------32----------
----------330----------
cross_total: 495084
----------483----------
----------22----------
----------32----------
----------330----------
cross_total: 495088
----------483----------
----------22----------
----------32----------
----------330----------
cross_total: 495120
----------483----------
----------22----------
----------32----------
----------330----------
cross_total: 495112
----------483----------
----------22----------
----------32----------
----------330----------
cross_total: 495112
----------483----------
----------22----------
----------32----------
----------330----------
cross_total: 495160
----------483----------
----------22----------
----------32----------
----------330----------
cross_total: 495160
----------483----------
----------22----------
----------32----------
----------330----------
cross_total: 495180
----------483----------
----------22----------
----------32----------
----------330----------
cross_total: 495180
----------483----------
----------22----------
----------32----------
----------330----------
cross_total: 562792
----------549----------
----------22----------
----------32----------
----------330----------
cross_total: 495200
----------483----------
----------22----------
----------32----------
----------330----------
cross_total: 495212
----------483----------
----------22----------
----------32----------
----------330----------
cross_total: 495244
----------483----------
----------22----------
----------32----------
----------330----------
cross_total: 495236
----------483----------
----------22----------
----------32----------
----------330----------
cross_total: 495592
----------483----------
----------22----------
----------32----------
----------330----------
cross_total: 495392
----------483----------
----------22----------
----------32----------
----------330----------
cross_total: 495392
----------483----------
----------22----------
----------32----------
----------330----------
cross_total: 495344
----------483----------
----------22----------
----------32----------
----------330----------
cross_total: 495336
----------483----------
----------22----------
----------32----------
----------330----------
cross_total: 494408
----------482----------
----------22----------
----------32----------
----------330----------
cross_total: 494416
----------482----------
----------22----------
----------32----------
----------330----------
cross_total: 494416
----------482----------
----------22----------
----------32----------
----------330----------
cross_total: 494436
----------482----------
----------22----------
----------32----------
----------330----------
cross_total: 494492
----------482----------
----------22----------
----------32----------
----------330----------
cross_total: 494504
----------482----------
----------22----------
----------32----------
----------330----------
cross_total: 494504
----------482----------
----------22----------
----------32----------
----------330----------
cross_total: 494520
----------482----------
----------22----------
----------32----------
----------330----------
cross_total: 494548
----------482----------
----------22----------
----------32----------
----------330----------
cross_total: 494544
----------482----------
----------22----------
----------32----------
----------330----------
cross_total: 494572
----------482----------
----------22----------
----------32----------
----------330----------
cross_total: 494584
----------482----------
----------22----------
----------32----------
----------330----------
cross_total: 494584
----------482----------
----------22----------
----------32----------
----------330----------
cross_total: 494604
----------483----------
----------22----------
----------32----------
----------330----------
cross_total: 494604
----------483----------
----------22----------
----------32----------
----------330----------
cross_total: 494924
----------483----------
----------22----------
----------32----------
----------330----------
cross_total: 494944
----------483----------
----------22----------
----------32----------
----------330----------
cross_total: 494960
----------483----------
----------22----------
----------32----------
----------330----------
cross_total: 494960
----------483----------
----------22----------
----------32----------
----------330----------
cross_total: 494952
----------483----------
----------22----------
----------31----------
----------330----------
cross_total: 494980
----------483----------
----------22----------
----------31----------
----------330----------
cross_total: 494992
----------483----------
----------22----------
----------31----------
----------330----------
cross_total: 495112
----------483----------
----------22----------
----------31----------
----------330----------
cross_total: 494824
----------483----------
----------22----------
----------31----------
----------330----------
cross_total: 494824
----------483----------
----------22----------
----------31----------
----------330----------
cross_total: 494880
----------483----------
----------22----------
----------31----------
----------330----------
cross_total: 494868
----------483----------
----------22----------
----------31----------
----------330----------
cross_total: 494900
----------483----------
----------22----------
----------31----------
----------330----------
cross_total: 494892
----------483----------
----------22----------
----------31----------
----------330----------
cross_total: 494892
----------483----------
----------22----------
----------31----------
----------330----------
cross_total: 494936
----------483----------
----------22----------
----------31----------
----------330----------
cross_total: 494936
----------483----------
----------22----------
----------31----------
----------330----------
cross_total: 494960
----------483----------
----------22----------
----------31----------
----------330----------
cross_total: 495012
----------483----------
----------22----------
----------31----------
----------330----------
cross_total: 495004
----------483----------
----------22----------
----------31----------
----------330----------
cross_total: 494496
----------482----------
----------22----------
----------31----------
----------330----------
cross_total: 494412
----------482----------
----------22----------
----------31----------
----------330----------
cross_total: 494444
----------482----------
----------22----------
----------31----------
----------330----------
cross_total: 494436
----------482----------
----------22----------
----------31----------
----------330----------
cross_total: 494484
----------482----------
----------22----------
----------31----------
----------330----------
cross_total: 494476
----------482----------
----------22----------
----------31----------
----------330----------
cross_total: 494476
----------482----------
----------22----------
----------31----------
----------330----------
cross_total: 494496
----------482----------
----------22----------
----------31----------
----------330----------
cross_total: 494496
----------482----------
----------22----------
----------31----------
----------330----------
cross_total: 494548
----------482----------
----------22----------
----------31----------
----------330----------
cross_total: 494548
----------482----------
----------22----------
----------31----------
----------330----------
cross_total: 494536
----------482----------
----------22----------
----------31----------
----------330----------
cross_total: 494896
----------483----------
----------22----------
----------31----------
----------330----------
cross_total: 494548
----------482----------
----------22----------
----------31----------
----------330----------
cross_total: 494600
----------483----------
----------22----------
----------31----------
----------330----------
cross_total: 494588
----------482----------
----------22----------
----------31----------
----------330----------
cross_total: 494588
----------482----------
----------22----------
----------31----------
----------330----------
cross_total: 494616
----------483----------
----------22----------
----------31----------
----------330----------
cross_total: 494608
----------483----------
----------22----------
----------31----------
----------330----------
cross_total: 494660
----------483----------
----------22----------
----------31----------
----------330----------
cross_total: 494648
----------483----------
----------22----------
Memory usage data saved to memory_usage.dat
Average memory usage:
Process yunshu-daemon: 31 MB
Process yunshu-updater: 330 MB
Process yunshu-cross: 484 MB
Process screenshot_serv: 22 MB
